<?xml version="1.0" encoding="UTF-8"?>
<!-- Generated by org.testng.reporters.JUnitReportReporter -->
<testsuite skipped="6" hostname="DESKTOP-B75F35K" name="smokeTest.ValidateSmokeTest" tests="65" failures="5" timestamp="28 May 2019 02:07:33 GMT" time="565.660" errors="0">
  <testcase name="ValidateLogin" time="44.812" classname="smokeTest.ValidateSmokeTest"/>
  <testcase name="ValidateMarkITPlacePage" time="10.270" classname="smokeTest.ValidateSmokeTest"/>
  <testcase name="ValidateDiscoverPage" time="7.518" classname="smokeTest.ValidateSmokeTest"/>
  <testcase name="ValidateApplicationPage" time="8.851" classname="smokeTest.ValidateSmokeTest"/>
  <testcase name="ValidateInfrastructurePage" time="4.602" classname="smokeTest.ValidateSmokeTest"/>
  <testcase name="ValidateManageTab" time="5.704" classname="smokeTest.ValidateSmokeTest"/>
  <testcase name="ValidateInsightTab" time="9.025" classname="smokeTest.ValidateSmokeTest"/>
  <testcase name="ValidateFooterNotificationPage" time="9.568" classname="smokeTest.ValidateSmokeTest"/>
  <testcase name="ValidateLogo" time="7.750" classname="smokeTest.ValidateSmokeTest"/>
  <testcase name="ValidateMyProfile" time="11.449" classname="smokeTest.ValidateSmokeTest"/>
  <testcase name="ValidateEditProfile" time="9.993" classname="smokeTest.ValidateSmokeTest"/>
  <testcase name="ValidateChangePassword" time="11.252" classname="smokeTest.ValidateSmokeTest"/>
  <testcase name="ValidateCatalogRestriction" time="9.785" classname="smokeTest.ValidateSmokeTest"/>
  <testcase name="ValidateDomainLink" time="6.862" classname="smokeTest.ValidateSmokeTest"/>
  <testcase name="ValidateAddressPage" time="18.294" classname="smokeTest.ValidateSmokeTest"/>
  <testcase name="ValidateUsersPage" time="16.858" classname="smokeTest.ValidateSmokeTest"/>
  <testcase name="ValidateRequestTab" time="2.171" classname="smokeTest.ValidateSmokeTest"/>
  <testcase name="ValidateInviteTab" time="2.144" classname="smokeTest.ValidateSmokeTest"/>
  <testcase name="ValidateSearching" time="5.338" classname="smokeTest.ValidateSmokeTest"/>
  <testcase name="ValidateLogout" time="5.034" classname="smokeTest.ValidateSmokeTest"/>
  <testcase name="ValidateManagementFPswd" time="3.604" classname="smokeTest.ValidateSmokeTest"/>
  <testcase name="ValidateManagementLogin" time="21.310" classname="smokeTest.ValidateSmokeTest"/>
  <testcase name="ValidateMngmntSETUPTab" time="10.432" classname="smokeTest.ValidateSmokeTest"/>
  <testcase name="ValidateUserHover" time="3.530" classname="smokeTest.ValidateSmokeTest"/>
  <testcase name="ValidateAddNewRole" time="3.771" classname="smokeTest.ValidateSmokeTest"/>
  <testcase name="ValidateEditRole" time="1.845" classname="smokeTest.ValidateSmokeTest"/>
  <testcase name="ValidateCreateUser" time="4.747" classname="smokeTest.ValidateSmokeTest"/>
  <testcase name="ValidateAccountsPage" time="21.326" classname="smokeTest.ValidateSmokeTest"/>
  <testcase name="ValidateSelectFields" time="0.357" classname="smokeTest.ValidateSmokeTest"/>
  <testcase name="ValidateExportBtn" time="0.243" classname="smokeTest.ValidateSmokeTest"/>
  <testcase name="ValidateSubscription" time="9.139" classname="smokeTest.ValidateSmokeTest"/>
  <testcase name="ValidateSubsSelectFields" time="0.334" classname="smokeTest.ValidateSmokeTest"/>
  <testcase name="ValidateSubsExport" time="0.230" classname="smokeTest.ValidateSmokeTest"/>
  <testcase name="ValidateEditSubs" time="0.491" classname="smokeTest.ValidateSmokeTest"/>
  <testcase name="ValidateAssumeRole" time="29.670" classname="smokeTest.ValidateSmokeTest"/>
  <testcase name="ValidateFooterSubscription" time="9.398" classname="smokeTest.ValidateSmokeTest"/>
  <testcase name="ValidateFooterAccount" time="14.616" classname="smokeTest.ValidateSmokeTest"/>
  <testcase name="ValidateEditAccount" time="9.560" classname="smokeTest.ValidateSmokeTest"/>
  <testcase name="ValidateEditSave" time="21.588" classname="smokeTest.ValidateSmokeTest"/>
  <testcase name="ValidateFooterLogo" time="3.548" classname="smokeTest.ValidateSmokeTest"/>
  <testcase name="ValidateCategories" time="11.249" classname="smokeTest.ValidateSmokeTest"/>
  <testcase name="ValidateSyncBtn" time="1.133" classname="smokeTest.ValidateSmokeTest"/>
  <testcase name="ValidateCategoryExport" time="10.293" classname="smokeTest.ValidateSmokeTest"/>
  <testcase name="ValidateSelectFieldCateg" time="0.181" classname="smokeTest.ValidateSmokeTest"/>
  <testcase name="ValidateEditCategory" time="10.686" classname="smokeTest.ValidateSmokeTest"/>
  <testcase name="ValidateDomainsPage" time="19.468" classname="smokeTest.ValidateSmokeTest"/>
  <testcase name="ValidateDomainExport" time="0.169" classname="smokeTest.ValidateSmokeTest"/>
  <testcase name="ValidateRequestPage" time="19.440" classname="smokeTest.ValidateSmokeTest"/>
  <testcase name="ValidateRequestExport" time="0.297" classname="smokeTest.ValidateSmokeTest"/>
  <testcase name="ValidateNotifications" time="6.136" classname="smokeTest.ValidateSmokeTest"/>
  <testcase name="NotificationExport" time="5.229" classname="smokeTest.ValidateSmokeTest"/>
  <testcase name="ValidateSendNotifications" time="14.505" classname="smokeTest.ValidateSmokeTest"/>
  <testcase name="ValidateProviderPage" time="1.346" classname="smokeTest.ValidateSmokeTest"/>
  <testcase name="ValidateProviderExport" time="5.250" classname="smokeTest.ValidateSmokeTest"/>
  <testcase name="ValidateEditProvider" time="3.106" classname="smokeTest.ValidateSmokeTest">
    <failure type="java.lang.AssertionError" message="When clicking on edit provider link from dropdown on provider page then user is not nevigating to edit provider page expected [Edit Provider - CCP] but found [404 Not Found - CCP]">
      <![CDATA[java.lang.AssertionError: When clicking on edit provider link from dropdown on provider page then user is not nevigating to edit provider page expected [Edit Provider - CCP] but found [404 Not Found - CCP]at org.testng.Assert.fail(Assert.java:96)at org.testng.Assert.failNotEquals(Assert.java:776)at org.testng.Assert.assertEqualsImpl(Assert.java:137)at org.testng.Assert.assertEquals(Assert.java:118)at org.testng.Assert.assertEquals(Assert.java:453)at smokeTest.ValidateSmokeTest.ValidateEditProvider(ValidateSmokeTest.java:2865)at sun.reflect.NativeMethodAccessorImpl.invoke0(Native Method)at sun.reflect.NativeMethodAccessorImpl.invoke(Unknown Source)at sun.reflect.DelegatingMethodAccessorImpl.invoke(Unknown Source)at java.lang.reflect.Method.invoke(Unknown Source)at org.testng.internal.MethodInvocationHelper.invokeMethod(MethodInvocationHelper.java:124)at org.testng.internal.Invoker.invokeMethod(Invoker.java:571)at org.testng.internal.Invoker.invokeTestMethod(Invoker.java:707)at org.testng.internal.Invoker.invokeTestMethods(Invoker.java:979)at org.testng.internal.TestMethodWorker.invokeTestMethods(TestMethodWorker.java:125)at org.testng.internal.TestMethodWorker.run(TestMethodWorker.java:109)at org.testng.TestRunner.privateRun(TestRunner.java:648)at org.testng.TestRunner.run(TestRunner.java:505)at org.testng.SuiteRunner.runTest(SuiteRunner.java:455)at org.testng.SuiteRunner.runSequentially(SuiteRunner.java:450)at org.testng.SuiteRunner.privateRun(SuiteRunner.java:415)at org.testng.SuiteRunner.run(SuiteRunner.java:364)at org.testng.SuiteRunnerWorker.runSuite(SuiteRunnerWorker.java:52)at org.testng.SuiteRunnerWorker.run(SuiteRunnerWorker.java:84)at org.testng.TestNG.runSuitesSequentially(TestNG.java:1187)at org.testng.TestNG.runSuitesLocally(TestNG.java:1116)at org.testng.TestNG.runSuites(TestNG.java:1028)at org.testng.TestNG.run(TestNG.java:996)at org.testng.remote.AbstractRemoteTestNG.run(AbstractRemoteTestNG.java:114)at org.testng.remote.RemoteTestNG.initAndRun(RemoteTestNG.java:251)at org.testng.remote.RemoteTestNG.main(RemoteTestNG.java:77)]]>
    </failure>
  </testcase> <!-- ValidateEditProvider -->
  <testcase name="ValidateAddProvider" time="20.053" classname="smokeTest.ValidateSmokeTest">
    <failure type="java.lang.AssertionError" message="Add provider button is not present on the provider page expected [true] but found [false]">
      <![CDATA[java.lang.AssertionError: Add provider button is not present on the provider page expected [true] but found [false]at org.testng.Assert.fail(Assert.java:96)at org.testng.Assert.failNotEquals(Assert.java:776)at org.testng.Assert.assertEqualsImpl(Assert.java:137)at org.testng.Assert.assertEquals(Assert.java:118)at org.testng.Assert.assertEquals(Assert.java:568)at smokeTest.ValidateSmokeTest.ValidateAddProvider(ValidateSmokeTest.java:2894)at sun.reflect.NativeMethodAccessorImpl.invoke0(Native Method)at sun.reflect.NativeMethodAccessorImpl.invoke(Unknown Source)at sun.reflect.DelegatingMethodAccessorImpl.invoke(Unknown Source)at java.lang.reflect.Method.invoke(Unknown Source)at org.testng.internal.MethodInvocationHelper.invokeMethod(MethodInvocationHelper.java:124)at org.testng.internal.Invoker.invokeMethod(Invoker.java:571)at org.testng.internal.Invoker.invokeTestMethod(Invoker.java:707)at org.testng.internal.Invoker.invokeTestMethods(Invoker.java:979)at org.testng.internal.TestMethodWorker.invokeTestMethods(TestMethodWorker.java:125)at org.testng.internal.TestMethodWorker.run(TestMethodWorker.java:109)at org.testng.TestRunner.privateRun(TestRunner.java:648)at org.testng.TestRunner.run(TestRunner.java:505)at org.testng.SuiteRunner.runTest(SuiteRunner.java:455)at org.testng.SuiteRunner.runSequentially(SuiteRunner.java:450)at org.testng.SuiteRunner.privateRun(SuiteRunner.java:415)at org.testng.SuiteRunner.run(SuiteRunner.java:364)at org.testng.SuiteRunnerWorker.runSuite(SuiteRunnerWorker.java:52)at org.testng.SuiteRunnerWorker.run(SuiteRunnerWorker.java:84)at org.testng.TestNG.runSuitesSequentially(TestNG.java:1187)at org.testng.TestNG.runSuitesLocally(TestNG.java:1116)at org.testng.TestNG.runSuites(TestNG.java:1028)at org.testng.TestNG.run(TestNG.java:996)at org.testng.remote.AbstractRemoteTestNG.run(AbstractRemoteTestNG.java:114)at org.testng.remote.RemoteTestNG.initAndRun(RemoteTestNG.java:251)at org.testng.remote.RemoteTestNG.main(RemoteTestNG.java:77)]]>
    </failure>
  </testcase> <!-- ValidateAddProvider -->
  <testcase name="ValidateServicesPage" time="20.029" classname="smokeTest.ValidateSmokeTest">
    <failure type="java.lang.AssertionError" message="Service tab is not present under catalog section expected [true] but found [false]">
      <![CDATA[java.lang.AssertionError: Service tab is not present under catalog section expected [true] but found [false]at org.testng.Assert.fail(Assert.java:96)at org.testng.Assert.failNotEquals(Assert.java:776)at org.testng.Assert.assertEqualsImpl(Assert.java:137)at org.testng.Assert.assertEquals(Assert.java:118)at org.testng.Assert.assertEquals(Assert.java:568)at smokeTest.ValidateSmokeTest.ValidateServicesPage(ValidateSmokeTest.java:2928)at sun.reflect.NativeMethodAccessorImpl.invoke0(Native Method)at sun.reflect.NativeMethodAccessorImpl.invoke(Unknown Source)at sun.reflect.DelegatingMethodAccessorImpl.invoke(Unknown Source)at java.lang.reflect.Method.invoke(Unknown Source)at org.testng.internal.MethodInvocationHelper.invokeMethod(MethodInvocationHelper.java:124)at org.testng.internal.Invoker.invokeMethod(Invoker.java:571)at org.testng.internal.Invoker.invokeTestMethod(Invoker.java:707)at org.testng.internal.Invoker.invokeTestMethods(Invoker.java:979)at org.testng.internal.TestMethodWorker.invokeTestMethods(TestMethodWorker.java:125)at org.testng.internal.TestMethodWorker.run(TestMethodWorker.java:109)at org.testng.TestRunner.privateRun(TestRunner.java:648)at org.testng.TestRunner.run(TestRunner.java:505)at org.testng.SuiteRunner.runTest(SuiteRunner.java:455)at org.testng.SuiteRunner.runSequentially(SuiteRunner.java:450)at org.testng.SuiteRunner.privateRun(SuiteRunner.java:415)at org.testng.SuiteRunner.run(SuiteRunner.java:364)at org.testng.SuiteRunnerWorker.runSuite(SuiteRunnerWorker.java:52)at org.testng.SuiteRunnerWorker.run(SuiteRunnerWorker.java:84)at org.testng.TestNG.runSuitesSequentially(TestNG.java:1187)at org.testng.TestNG.runSuitesLocally(TestNG.java:1116)at org.testng.TestNG.runSuites(TestNG.java:1028)at org.testng.TestNG.run(TestNG.java:996)at org.testng.remote.AbstractRemoteTestNG.run(AbstractRemoteTestNG.java:114)at org.testng.remote.RemoteTestNG.initAndRun(RemoteTestNG.java:251)at org.testng.remote.RemoteTestNG.main(RemoteTestNG.java:77)]]>
    </failure>
  </testcase> <!-- ValidateServicesPage -->
  <testcase name="ValidateServiceExport" time="20.027" classname="smokeTest.ValidateSmokeTest">
    <failure type="java.lang.AssertionError" message="Export button is not present on the Service Page expected [true] but found [false]">
      <![CDATA[java.lang.AssertionError: Export button is not present on the Service Page expected [true] but found [false]at org.testng.Assert.fail(Assert.java:96)at org.testng.Assert.failNotEquals(Assert.java:776)at org.testng.Assert.assertEqualsImpl(Assert.java:137)at org.testng.Assert.assertEquals(Assert.java:118)at org.testng.Assert.assertEquals(Assert.java:568)at smokeTest.ValidateSmokeTest.ValidateServiceExport(ValidateSmokeTest.java:2959)at sun.reflect.NativeMethodAccessorImpl.invoke0(Native Method)at sun.reflect.NativeMethodAccessorImpl.invoke(Unknown Source)at sun.reflect.DelegatingMethodAccessorImpl.invoke(Unknown Source)at java.lang.reflect.Method.invoke(Unknown Source)at org.testng.internal.MethodInvocationHelper.invokeMethod(MethodInvocationHelper.java:124)at org.testng.internal.Invoker.invokeMethod(Invoker.java:571)at org.testng.internal.Invoker.invokeTestMethod(Invoker.java:707)at org.testng.internal.Invoker.invokeTestMethods(Invoker.java:979)at org.testng.internal.TestMethodWorker.invokeTestMethods(TestMethodWorker.java:125)at org.testng.internal.TestMethodWorker.run(TestMethodWorker.java:109)at org.testng.TestRunner.privateRun(TestRunner.java:648)at org.testng.TestRunner.run(TestRunner.java:505)at org.testng.SuiteRunner.runTest(SuiteRunner.java:455)at org.testng.SuiteRunner.runSequentially(SuiteRunner.java:450)at org.testng.SuiteRunner.privateRun(SuiteRunner.java:415)at org.testng.SuiteRunner.run(SuiteRunner.java:364)at org.testng.SuiteRunnerWorker.runSuite(SuiteRunnerWorker.java:52)at org.testng.SuiteRunnerWorker.run(SuiteRunnerWorker.java:84)at org.testng.TestNG.runSuitesSequentially(TestNG.java:1187)at org.testng.TestNG.runSuitesLocally(TestNG.java:1116)at org.testng.TestNG.runSuites(TestNG.java:1028)at org.testng.TestNG.run(TestNG.java:996)at org.testng.remote.AbstractRemoteTestNG.run(AbstractRemoteTestNG.java:114)at org.testng.remote.RemoteTestNG.initAndRun(RemoteTestNG.java:251)at org.testng.remote.RemoteTestNG.main(RemoteTestNG.java:77)]]>
    </failure>
  </testcase> <!-- ValidateServiceExport -->
  <testcase name="ValidateEditService" time="20.044" classname="smokeTest.ValidateSmokeTest">
    <failure type="java.lang.AssertionError" message="Dropdown arrow or Edit Service dropdown option is not appearing on Service&#039;s page expected [true] but found [false]">
      <![CDATA[java.lang.AssertionError: Dropdown arrow or Edit Service dropdown option is not appearing on Service's page expected [true] but found [false]at org.testng.Assert.fail(Assert.java:96)at org.testng.Assert.failNotEquals(Assert.java:776)at org.testng.Assert.assertEqualsImpl(Assert.java:137)at org.testng.Assert.assertEquals(Assert.java:118)at org.testng.Assert.assertEquals(Assert.java:568)at smokeTest.ValidateSmokeTest.ValidateEditService(ValidateSmokeTest.java:3010)at sun.reflect.NativeMethodAccessorImpl.invoke0(Native Method)at sun.reflect.NativeMethodAccessorImpl.invoke(Unknown Source)at sun.reflect.DelegatingMethodAccessorImpl.invoke(Unknown Source)at java.lang.reflect.Method.invoke(Unknown Source)at org.testng.internal.MethodInvocationHelper.invokeMethod(MethodInvocationHelper.java:124)at org.testng.internal.Invoker.invokeMethod(Invoker.java:571)at org.testng.internal.Invoker.invokeTestMethod(Invoker.java:707)at org.testng.internal.Invoker.invokeTestMethods(Invoker.java:979)at org.testng.internal.TestMethodWorker.invokeTestMethods(TestMethodWorker.java:125)at org.testng.internal.TestMethodWorker.run(TestMethodWorker.java:109)at org.testng.TestRunner.privateRun(TestRunner.java:648)at org.testng.TestRunner.run(TestRunner.java:505)at org.testng.SuiteRunner.runTest(SuiteRunner.java:455)at org.testng.SuiteRunner.runSequentially(SuiteRunner.java:450)at org.testng.SuiteRunner.privateRun(SuiteRunner.java:415)at org.testng.SuiteRunner.run(SuiteRunner.java:364)at org.testng.SuiteRunnerWorker.runSuite(SuiteRunnerWorker.java:52)at org.testng.SuiteRunnerWorker.run(SuiteRunnerWorker.java:84)at org.testng.TestNG.runSuitesSequentially(TestNG.java:1187)at org.testng.TestNG.runSuitesLocally(TestNG.java:1116)at org.testng.TestNG.runSuites(TestNG.java:1028)at org.testng.TestNG.run(TestNG.java:996)at org.testng.remote.AbstractRemoteTestNG.run(AbstractRemoteTestNG.java:114)at org.testng.remote.RemoteTestNG.initAndRun(RemoteTestNG.java:251)at org.testng.remote.RemoteTestNG.main(RemoteTestNG.java:77)]]>
    </failure>
  </testcase> <!-- ValidateEditService -->
  <testcase name="ValidateAccountSettings" classname="smokeTest.ValidateSmokeTest">
    <skipped/>
  </testcase> <!-- ValidateAccountSettings -->
  <testcase name="ValidateSetNotifications" classname="smokeTest.ValidateSmokeTest">
    <skipped/>
  </testcase> <!-- ValidateSetNotifications -->
  <testcase name="ValidateLoginUser" classname="smokeTest.ValidateSmokeTest">
    <skipped/>
  </testcase> <!-- ValidateLoginUser -->
  <testcase name="ValidateRegPage" classname="smokeTest.ValidateSmokeTest">
    <skipped/>
  </testcase> <!-- ValidateRegPage -->
  <testcase name="ValidateForgetPswd" classname="smokeTest.ValidateSmokeTest">
    <skipped/>
  </testcase> <!-- ValidateForgetPswd -->
  <testcase name="ValidateMyAccountList" classname="smokeTest.ValidateSmokeTest">
    <skipped/>
  </testcase> <!-- ValidateMyAccountList -->
</testsuite> <!-- smokeTest.ValidateSmokeTest -->
